Determining if the pthread_create exist failed with the following output:
Change Dir: /home/karnix/catkin_ws/src/fyp/build/CMakeFiles/CMakeTmp

Run Build Command:/usr/bin/make "cmTryCompileExec3364929088/fast"
/usr/bin/make -f CMakeFiles/cmTryCompileExec3364929088.dir/build.make CMakeFiles/cmTryCompileExec3364929088.dir/build
make[1]: Entering directory `/home/karnix/catkin_ws/src/fyp/build/CMakeFiles/CMakeTmp'
/usr/bin/cmake -E cmake_progress_report /home/karnix/catkin_ws/src/fyp/build/CMakeFiles/CMakeTmp/CMakeFiles 1
Building C object CMakeFiles/cmTryCompileExec3364929088.dir/CheckSymbolExists.c.o
/usr/bin/cc    -o CMakeFiles/cmTryCompileExec3364929088.dir/CheckSymbolExists.c.o   -c /home/karnix/catkin_ws/src/fyp/build/CMakeFiles/CMakeTmp/CheckSymbolExists.c
Linking C executable cmTryCompileExec3364929088
/usr/bin/cmake -E cmake_link_script CMakeFiles/cmTryCompileExec3364929088.dir/link.txt --verbose=1
/usr/bin/cc       CMakeFiles/cmTryCompileExec3364929088.dir/CheckSymbolExists.c.o  -o cmTryCompileExec3364929088 -rdynamic 
CMakeFiles/cmTryCompileExec3364929088.dir/CheckSymbolExists.c.o: In function `main':
CheckSymbolExists.c:(.text+0x16): undefined reference to `pthread_create'
collect2: error: ld returned 1 exit status
make[1]: *** [cmTryCompileExec3364929088] Error 1
make[1]: Leaving directory `/home/karnix/catkin_ws/src/fyp/build/CMakeFiles/CMakeTmp'
make: *** [cmTryCompileExec3364929088/fast] Error 2

File /home/karnix/catkin_ws/src/fyp/build/CMakeFiles/CMakeTmp/CheckSymbolExists.c:
/* */
#include <pthread.h>

int main(int argc, char** argv)
{
  (void)argv;
#ifndef pthread_create
  return ((int*)(&pthread_create))[argc];
#else
  (void)argc;
  return 0;
#endif
}

Determining if the function pthread_create exists in the pthreads failed with the following output:
Change Dir: /home/karnix/catkin_ws/src/fyp/build/CMakeFiles/CMakeTmp

Run Build Command:/usr/bin/make "cmTryCompileExec3796621163/fast"
/usr/bin/make -f CMakeFiles/cmTryCompileExec3796621163.dir/build.make CMakeFiles/cmTryCompileExec3796621163.dir/build
make[1]: Entering directory `/home/karnix/catkin_ws/src/fyp/build/CMakeFiles/CMakeTmp'
/usr/bin/cmake -E cmake_progress_report /home/karnix/catkin_ws/src/fyp/build/CMakeFiles/CMakeTmp/CMakeFiles 1
Building C object CMakeFiles/cmTryCompileExec3796621163.dir/CheckFunctionExists.c.o
/usr/bin/cc   -DCHECK_FUNCTION_EXISTS=pthread_create   -o CMakeFiles/cmTryCompileExec3796621163.dir/CheckFunctionExists.c.o   -c /usr/share/cmake-2.8/Modules/CheckFunctionExists.c
Linking C executable cmTryCompileExec3796621163
/usr/bin/cmake -E cmake_link_script CMakeFiles/cmTryCompileExec3796621163.dir/link.txt --verbose=1
/usr/bin/cc   -DCHECK_FUNCTION_EXISTS=pthread_create    CMakeFiles/cmTryCompileExec3796621163.dir/CheckFunctionExists.c.o  -o cmTryCompileExec3796621163 -rdynamic -lpthreads 
/usr/bin/ld: cannot find -lpthreads
collect2: error: ld returned 1 exit status
make[1]: *** [cmTryCompileExec3796621163] Error 1
make[1]: Leaving directory `/home/karnix/catkin_ws/src/fyp/build/CMakeFiles/CMakeTmp'
make: *** [cmTryCompileExec3796621163/fast] Error 2


